time = 0 available = 2 2 1 1 1 blocked = 0
time = 1 available = 2 2 1 1 1 blocked = 0
time = 2 available = 2 2 1 1 1 blocked = 0
time = 3 available = 2 2 1 1 1 blocked = 0
time = 4 available = 2 2 1 1 1 blocked = 0
time = 5 available = 2 2 1 0 1 blocked = 0
time = 6 available = 2 2 1 0 1 blocked = 0
time = 7 available = 2 2 1 0 1 blocked = 0
time = 8 available = 2 2 1 0 1 blocked = 0
time = 9 available = 2 2 1 0 1 blocked = 0
time = 10 available = 1 1 1 0 1 blocked = 0
time = 11 available = 1 1 1 0 1 blocked = 0
time = 12 available = 1 1 1 0 1 blocked = 0
time = 13 available = 1 1 1 0 1 blocked = 0
time = 14 available = 1 1 1 0 1 blocked = 0
time = 15 available = 1 1 0 0 1 blocked = 0
time = 16 available = 1 1 0 0 1 blocked = 0
time = 17 available = 1 1 0 0 1 blocked = 0
time = 18 available = 1 1 0 0 1 blocked = 0
time = 19 available = 1 1 0 0 1 blocked = 0
time = 20 available = 1 1 0 0 0 blocked = 1
time = 21 available = 1 1 0 0 0 blocked = 1
time = 22 available = 1 1 0 0 0 blocked = 1
time = 23 available = 1 1 0 0 0 blocked = 1
time = 24 available = 1 1 0 0 0 blocked = 1
time = 25 available = 0 1 0 0 0 blocked = 2
time = 26 available = 0 1 0 0 0 blocked = 2
time = 27 available = 0 1 0 0 0 blocked = 2
time = 28 available = 0 1 0 0 0 blocked = 2
time = 29 available = 0 1 0 0 0 blocked = 2
time = 30 available = 0 1 1 0 0 blocked = 3
time = 31 available = 0 1 0 0 0 blocked = 2
time = 32 available = 0 1 0 0 0 blocked = 2
time = 33 available = 0 1 0 0 0 blocked = 2
time = 34 available = 0 1 0 0 0 blocked = 2
time = 35 available = 1 2 0 0 0 blocked = 2
time = 36 available = 1 1 0 0 0 blocked = 2
time = 37 available = 1 1 0 0 0 blocked = 2
time = 38 available = 1 1 0 0 0 blocked = 2
time = 39 available = 1 1 0 0 0 blocked = 2
time = 40 available = 1 1 0 0 0 blocked = 2
time = 41 available = 2 2 1 0 0 blocked = 2
time = 42 available = 2 2 1 0 0 blocked = 2
time = 43 available = 2 2 1 0 0 blocked = 2
time = 44 available = 2 2 1 0 0 blocked = 2
time = 45 available = 2 2 1 0 0 blocked = 2
time = 46 available = 2 2 1 0 0 blocked = 2
time = 47 available = 2 2 1 0 0 blocked = 2
time = 48 available = 2 2 1 0 0 blocked = 2
time = 49 available = 2 2 1 0 0 blocked = 2
time = 50 available = 2 2 1 0 0 blocked = 2
time = 51 available = 2 2 1 0 0 blocked = 2
time = 52 available = 2 2 1 0 0 blocked = 2
time = 53 available = 2 2 1 0 0 blocked = 2
time = 54 available = 2 2 1 0 0 blocked = 2
time = 55 available = 2 2 1 0 0 blocked = 2
time = 56 available = 2 2 1 0 0 blocked = 2
time = 57 available = 2 2 1 0 0 blocked = 2
time = 58 available = 2 2 1 0 0 blocked = 2
time = 59 available = 2 2 1 0 0 blocked = 2
time = 60 available = 2 2 1 0 0 blocked = 2
time = 61 available = 2 2 1 0 0 blocked = 2
time = 62 available = 2 2 1 0 0 blocked = 2
time = 63 available = 2 2 1 0 0 blocked = 2
time = 64 available = 2 2 1 0 0 blocked = 2
time = 65 available = 2 2 1 0 0 blocked = 2
time = 66 available = 2 2 1 0 0 blocked = 2
time = 67 available = 2 2 1 0 0 blocked = 2
time = 68 available = 2 2 1 0 0 blocked = 2
time = 69 available = 2 2 1 0 0 blocked = 2
time = 70 available = 2 2 1 0 0 blocked = 2
time = 71 available = 2 2 1 0 0 blocked = 2
time = 72 available = 2 2 1 0 0 blocked = 2
time = 73 available = 2 2 1 0 0 blocked = 2
time = 74 available = 2 2 1 0 0 blocked = 2
time = 75 available = 2 2 1 0 0 blocked = 2
time = 76 available = 2 2 1 0 0 blocked = 2
time = 77 available = 2 2 1 0 0 blocked = 2
time = 78 available = 2 2 1 0 0 blocked = 2
time = 79 available = 2 2 1 0 0 blocked = 2
time = 80 available = 2 2 1 0 0 blocked = 2
time = 81 available = 2 2 1 0 0 blocked = 2
time = 82 available = 2 2 1 0 0 blocked = 2
time = 83 available = 2 2 1 0 0 blocked = 2
time = 84 available = 2 2 1 0 0 blocked = 2
time = 85 available = 2 2 1 0 0 blocked = 2
time = 86 available = 2 2 1 0 0 blocked = 2
time = 87 available = 2 2 1 0 0 blocked = 2
time = 88 available = 2 2 1 0 0 blocked = 2
time = 89 available = 2 2 1 0 0 blocked = 2
time = 90 available = 2 2 1 0 0 blocked = 2
time = 91 available = 2 2 1 0 0 blocked = 2
time = 92 available = 2 2 1 0 0 blocked = 2
time = 93 available = 2 2 1 0 0 blocked = 2
time = 94 available = 2 2 1 0 0 blocked = 2
time = 95 available = 2 2 1 0 0 blocked = 2
time = 96 available = 2 2 1 0 0 blocked = 2
time = 97 available = 2 2 1 0 0 blocked = 2
time = 98 available = 2 2 1 0 0 blocked = 2
time = 99 available = 2 2 1 0 0 blocked = 2
time = 100 available = 2 2 1 0 0 blocked = 2
time = 101 available = 2 2 1 0 0 blocked = 2
time = 102 available = 2 2 1 0 0 blocked = 2
time = 103 available = 2 2 1 0 0 blocked = 2
time = 104 available = 2 2 1 0 0 blocked = 2
time = 105 available = 2 2 1 0 0 blocked = 2
time = 106 available = 2 2 1 0 0 blocked = 2
time = 107 available = 2 2 1 0 0 blocked = 2
time = 108 available = 2 2 1 0 0 blocked = 2
time = 109 available = 2 2 1 0 0 blocked = 2
time = 110 available = 2 2 1 0 0 blocked = 2
time = 111 available = 2 2 1 0 0 blocked = 2
time = 112 available = 2 2 1 0 0 blocked = 2
time = 113 available = 2 2 1 0 0 blocked = 2
time = 114 available = 2 2 1 0 0 blocked = 2
time = 115 available = 2 2 1 0 0 blocked = 2
time = 116 available = 2 2 1 0 0 blocked = 2
time = 117 available = 2 2 1 0 0 blocked = 2
time = 118 available = 2 2 1 0 0 blocked = 2
time = 119 available = 2 2 1 0 0 blocked = 2
time = 120 available = 2 2 1 0 0 blocked = 2
time = 121 available = 2 2 1 0 0 blocked = 2
time = 122 available = 2 2 1 0 0 blocked = 2
time = 123 available = 2 2 1 0 0 blocked = 2
time = 124 available = 2 2 1 0 0 blocked = 2
time = 125 available = 2 2 1 0 0 blocked = 2
time = 126 available = 2 2 1 0 0 blocked = 2
time = 127 available = 2 2 1 0 0 blocked = 2
time = 128 available = 2 2 1 0 0 blocked = 2
time = 129 available = 2 2 1 0 0 blocked = 2
time = 130 available = 2 2 1 0 0 blocked = 2
time = 131 available = 2 2 1 0 0 blocked = 2
time = 132 available = 2 2 1 0 0 blocked = 2
time = 133 available = 2 2 1 0 0 blocked = 2
time = 134 available = 2 2 1 0 0 blocked = 2
time = 135 available = 2 2 1 0 0 blocked = 2
time = 136 available = 2 2 1 0 0 blocked = 2
time = 137 available = 2 2 1 0 0 blocked = 2
time = 138 available = 2 2 1 0 0 blocked = 2
time = 139 available = 2 2 1 0 0 blocked = 2
time = 140 available = 2 2 1 0 0 blocked = 2
time = 141 available = 2 2 1 0 0 blocked = 2
time = 142 available = 2 2 1 0 0 blocked = 2
time = 143 available = 2 2 1 0 0 blocked = 2
time = 144 available = 2 2 1 0 0 blocked = 2
time = 145 available = 2 2 1 0 0 blocked = 2
time = 146 available = 2 2 1 0 0 blocked = 2
time = 147 available = 2 2 1 0 0 blocked = 2
time = 148 available = 2 2 1 0 0 blocked = 2
time = 149 available = 2 2 1 0 0 blocked = 2
time = 150 available = 2 2 1 0 0 blocked = 2
time = 151 available = 2 2 1 0 0 blocked = 2
time = 152 available = 2 2 1 0 0 blocked = 2
time = 153 available = 2 2 1 0 0 blocked = 2
time = 154 available = 2 2 1 0 0 blocked = 2
time = 155 available = 2 2 1 0 0 blocked = 2
time = 156 available = 2 2 1 0 0 blocked = 2
time = 157 available = 2 2 1 0 0 blocked = 2
time = 158 available = 2 2 1 0 0 blocked = 2
time = 159 available = 2 2 1 0 0 blocked = 2
time = 160 available = 2 2 1 0 0 blocked = 2
time = 161 available = 2 2 1 0 0 blocked = 2
time = 162 available = 2 2 1 0 0 blocked = 2
time = 163 available = 2 2 1 0 0 blocked = 2
time = 164 available = 2 2 1 0 0 blocked = 2
time = 165 available = 2 2 1 0 0 blocked = 2
time = 166 available = 2 2 1 0 0 blocked = 2
time = 167 available = 2 2 1 0 0 blocked = 2
time = 168 available = 2 2 1 0 0 blocked = 2
time = 169 available = 2 2 1 0 0 blocked = 2
time = 170 available = 2 2 1 0 0 blocked = 2
time = 171 available = 2 2 1 0 0 blocked = 2
time = 172 available = 2 2 1 0 0 blocked = 2
time = 173 available = 2 2 1 0 0 blocked = 2
time = 174 available = 2 2 1 0 0 blocked = 2
time = 175 available = 2 2 1 0 0 blocked = 2
time = 176 available = 2 2 1 0 0 blocked = 2
time = 177 available = 2 2 1 0 0 blocked = 2
time = 178 available = 2 2 1 0 0 blocked = 2
time = 179 available = 2 2 1 0 0 blocked = 2
time = 180 available = 2 2 1 0 0 blocked = 2
time = 181 available = 2 2 1 0 0 blocked = 2
time = 182 available = 2 2 1 0 0 blocked = 2
time = 183 available = 2 2 1 0 0 blocked = 2
time = 184 available = 2 2 1 0 0 blocked = 2
time = 185 available = 2 2 1 0 0 blocked = 2
time = 186 available = 2 2 1 0 0 blocked = 2
time = 187 available = 2 2 1 0 0 blocked = 2
time = 188 available = 2 2 1 0 0 blocked = 2
time = 189 available = 2 2 1 0 0 blocked = 2
time = 190 available = 2 2 1 0 0 blocked = 2
time = 191 available = 2 2 1 0 0 blocked = 2
time = 192 available = 2 2 1 0 0 blocked = 2
time = 193 available = 2 2 1 0 0 blocked = 2
time = 194 available = 2 2 1 0 0 blocked = 2
time = 195 available = 2 2 1 0 0 blocked = 2
time = 196 available = 2 2 1 0 0 blocked = 2
time = 197 available = 2 2 1 0 0 blocked = 2
time = 198 available = 2 2 1 0 0 blocked = 2
time = 199 available = 2 2 1 0 0 blocked = 2
time = 200 available = 2 2 1 0 0 blocked = 2
time = 201 available = 2 2 1 0 0 blocked = 2
time = 202 available = 2 2 1 0 0 blocked = 2
time = 203 available = 2 2 1 0 0 blocked = 2
time = 204 available = 2 2 1 0 0 blocked = 2
time = 205 available = 2 2 1 0 0 blocked = 2
time = 206 available = 2 2 1 0 0 blocked = 2
time = 207 available = 2 2 1 0 0 blocked = 2
time = 208 available = 2 2 1 0 0 blocked = 2
time = 209 available = 2 2 1 0 0 blocked = 2
time = 210 available = 2 2 1 0 0 blocked = 2
time = 211 available = 2 2 1 0 0 blocked = 2
time = 212 available = 2 2 1 0 0 blocked = 2
time = 213 available = 2 2 1 0 0 blocked = 2
time = 214 available = 2 2 1 0 0 blocked = 2
time = 215 available = 2 2 1 0 0 blocked = 2
time = 216 available = 2 2 1 0 0 blocked = 2
time = 217 available = 2 2 1 0 0 blocked = 2
time = 218 available = 2 2 1 0 0 blocked = 2
time = 219 available = 2 2 1 0 0 blocked = 2
time = 220 available = 2 2 1 0 0 blocked = 2
time = 221 available = 2 2 1 0 0 blocked = 2
time = 222 available = 2 2 1 0 0 blocked = 2
time = 223 available = 2 2 1 0 0 blocked = 2
time = 224 available = 2 2 1 0 0 blocked = 2
time = 225 available = 2 2 1 0 0 blocked = 2
time = 226 available = 2 2 1 0 0 blocked = 2
time = 227 available = 2 2 1 0 0 blocked = 2
time = 228 available = 2 2 1 0 0 blocked = 2
time = 229 available = 2 2 1 0 0 blocked = 2
time = 230 available = 2 2 1 0 0 blocked = 2
time = 231 available = 2 2 1 0 0 blocked = 2
time = 232 available = 2 2 1 0 0 blocked = 2
time = 233 available = 2 2 1 0 0 blocked = 2
time = 234 available = 2 2 1 0 0 blocked = 2
time = 235 available = 2 2 1 0 0 blocked = 2
time = 236 available = 2 2 1 0 0 blocked = 2
time = 237 available = 2 2 1 0 0 blocked = 2
time = 238 available = 2 2 1 0 0 blocked = 2
time = 239 available = 2 2 1 0 0 blocked = 2
time = 240 available = 2 2 1 0 0 blocked = 2
time = 241 available = 2 2 1 0 0 blocked = 2
time = 242 available = 2 2 1 0 0 blocked = 2
time = 243 available = 2 2 1 0 0 blocked = 2
time = 244 available = 2 2 1 0 0 blocked = 2
time = 245 available = 2 2 1 0 0 blocked = 2
time = 246 available = 2 2 1 0 0 blocked = 2
time = 247 available = 2 2 1 0 0 blocked = 2
time = 248 available = 2 2 1 0 0 blocked = 2
time = 249 available = 2 2 1 0 0 blocked = 2
time = 250 available = 2 2 1 0 0 blocked = 2
time = 251 available = 2 2 1 0 0 blocked = 2
time = 252 available = 2 2 1 0 0 blocked = 2
time = 253 available = 2 2 1 0 0 blocked = 2
time = 254 available = 2 2 1 0 0 blocked = 2
time = 255 available = 2 2 1 0 0 blocked = 2
time = 256 available = 2 2 1 0 0 blocked = 2
time = 257 available = 2 2 1 0 0 blocked = 2
time = 258 available = 2 2 1 0 0 blocked = 2
time = 259 available = 2 2 1 0 0 blocked = 2
time = 260 available = 2 2 1 0 0 blocked = 2
time = 261 available = 2 2 1 0 0 blocked = 2
time = 262 available = 2 2 1 0 0 blocked = 2
time = 263 available = 2 2 1 0 0 blocked = 2
time = 264 available = 2 2 1 0 0 blocked = 2
time = 265 available = 2 2 1 0 0 blocked = 2
time = 266 available = 2 2 1 0 0 blocked = 2
time = 267 available = 2 2 1 0 0 blocked = 2
time = 268 available = 2 2 1 0 0 blocked = 2
time = 269 available = 2 2 1 0 0 blocked = 2
time = 270 available = 2 2 1 0 0 blocked = 2
time = 271 available = 2 2 1 0 0 blocked = 2
time = 272 available = 2 2 1 0 0 blocked = 2
time = 273 available = 2 2 1 0 0 blocked = 2
time = 274 available = 2 2 1 0 0 blocked = 2
time = 275 available = 2 2 1 0 0 blocked = 2
time = 276 available = 2 2 1 0 0 blocked = 2
time = 277 available = 2 2 1 0 0 blocked = 2
time = 278 available = 2 2 1 0 0 blocked = 2
